[debug] [2024-09-09T21:55:18.386Z] ----------------------------------------------------------------------
[debug] [2024-09-09T21:55:18.390Z] Command:       C:\Program Files\nodejs\node.exe C:\Users\china\AppData\Roaming\npm\node_modules\firebase-tools\lib\bin\firebase.js init
[debug] [2024-09-09T21:55:18.391Z] CLI Version:   13.16.0
[debug] [2024-09-09T21:55:18.392Z] Platform:      win32
[debug] [2024-09-09T21:55:18.392Z] Node Version:  v20.17.0
[debug] [2024-09-09T21:55:18.392Z] Time:          Mon Sep 09 2024 17:55:18 GMT-0400 (Eastern Daylight Time)
[debug] [2024-09-09T21:55:18.392Z] ----------------------------------------------------------------------
[debug] 
[debug] [2024-09-09T21:55:18.510Z] > command requires scopes: ["email","openid","https://www.googleapis.com/auth/cloudplatformprojects.readonly","https://www.googleapis.com/auth/firebase","https://www.googleapis.com/auth/cloud-platform"]
[debug] [2024-09-09T21:55:18.511Z] > authorizing via signed-in user (chinazorfredrick@gmail.com)
[info] 
     ######## #### ########  ######## ########     ###     ######  ########
     ##        ##  ##     ## ##       ##     ##  ##   ##  ##       ##
     ######    ##  ########  ######   ########  #########  ######  ######
     ##        ##  ##    ##  ##       ##     ## ##     ##       ## ##
     ##       #### ##     ## ######## ########  ##     ##  ######  ########

You're about to initialize a Firebase project in this directory:

  C:\Users\china\OneDrive\Documents\Projects\blogApp-dashboard

Before we get started, keep in mind:

  * You are initializing within an existing Firebase project directory

[info] 
=== Project Setup
[info] 
[info] First, let's associate this project directory with a Firebase project.
[info] You can create multiple project aliases by running firebase use --add, 
[info] but for now we'll just set up a default project.
[info] 
[debug] [2024-09-09T21:56:31.018Z] > refreshing access token with scopes: []
[debug] [2024-09-09T21:56:31.023Z] >>> [apiv2][query] POST https://www.googleapis.com/oauth2/v3/token [none]
[debug] [2024-09-09T21:56:31.023Z] >>> [apiv2][body] POST https://www.googleapis.com/oauth2/v3/token [omitted]
[debug] [2024-09-09T21:56:31.341Z] <<< [apiv2][status] POST https://www.googleapis.com/oauth2/v3/token 200
[debug] [2024-09-09T21:56:31.342Z] <<< [apiv2][body] POST https://www.googleapis.com/oauth2/v3/token [omitted]
[debug] [2024-09-09T21:56:31.361Z] >>> [apiv2][query] GET https://firebase.googleapis.com/v1beta1/projects pageSize=100
[debug] [2024-09-09T21:56:31.874Z] <<< [apiv2][status] GET https://firebase.googleapis.com/v1beta1/projects 200
[debug] [2024-09-09T21:56:31.874Z] <<< [apiv2][body] GET https://firebase.googleapis.com/v1beta1/projects [omitted]
[info] i  Using project freddie-blog-base (freddie-blog-base) 
[info] 
=== Hosting Setup
[debug] [2024-09-09T21:56:52.373Z] >>> [apiv2][query] GET https://firebase.googleapis.com/v1beta1/projects/freddie-blog-base [none]
[debug] [2024-09-09T21:56:52.763Z] <<< [apiv2][status] GET https://firebase.googleapis.com/v1beta1/projects/freddie-blog-base 200
[debug] [2024-09-09T21:56:52.764Z] <<< [apiv2][body] GET https://firebase.googleapis.com/v1beta1/projects/freddie-blog-base {"projectId":"freddie-blog-base","projectNumber":"512641764244","displayName":"freddie-blog-base","name":"projects/freddie-blog-base","resources":{"hostingSite":"freddie-blog-base","realtimeDatabaseInstance":"freddie-blog-base-default-rtdb","storageBucket":"freddie-blog-base.appspot.com","locationId":"us-central"},"state":"ACTIVE","etag":"1_44199570-0502-4f80-ba57-e6a5a7ab50cc"}
[info] 
[info] Your public directory is the folder (relative to your project directory) that
[info] will contain Hosting assets to be uploaded with firebase deploy. If you
[info] have a build process for your assets, use your build's output directory.
[info] 
